07/01/2014 16:23:58
Error in: http://localhost:2180/Webcms/NhapKhoSX/Update. Error Message:System.Exception: InventoryDetailViewModel::SelectAll::Error occured. ---> System.Data.SqlClient.SqlException: Procedure or function 'sp_CMS_InventoryDetails_InsertFull' expects parameter '@iSoChungTu', which was not supplied.
   at System.Data.SqlClient.SqlConnection.OnError(SqlException exception, Boolean breakConnection, Action`1 wrapCloseInAction)
   at System.Data.SqlClient.SqlInternalConnection.OnError(SqlException exception, Boolean breakConnection, Action`1 wrapCloseInAction)
   at System.Data.SqlClient.TdsParser.ThrowExceptionAndWarning(TdsParserStateObject stateObj, Boolean callerHasConnectionLock, Boolean asyncClose)
   at System.Data.SqlClient.TdsParser.TryRun(RunBehavior runBehavior, SqlCommand cmdHandler, SqlDataReader dataStream, BulkCopySimpleResultSet bulkCopyHandler, TdsParserStateObject stateObj, Boolean& dataReady)
   at System.Data.SqlClient.SqlCommand.FinishExecuteReader(SqlDataReader ds, RunBehavior runBehavior, String resetOptionsString)
   at System.Data.SqlClient.SqlCommand.RunExecuteReaderTds(CommandBehavior cmdBehavior, RunBehavior runBehavior, Boolean returnStream, Boolean async, Int32 timeout, Task& task, Boolean asyncWrite)
   at System.Data.SqlClient.SqlCommand.RunExecuteReader(CommandBehavior cmdBehavior, RunBehavior runBehavior, Boolean returnStream, String method, TaskCompletionSource`1 completion, Int32 timeout, Task& task, Boolean asyncWrite)
   at System.Data.SqlClient.SqlCommand.InternalExecuteNonQuery(TaskCompletionSource`1 completion, String methodName, Boolean sendToPipe, Int32 timeout, Boolean asyncWrite)
   at System.Data.SqlClient.SqlCommand.ExecuteNonQuery()
   at iGoo.Areas.Webcms.Models.InventoryDetailViewModel.Insert() in k:\BBT\SC v2\iGoo\Areas\Webcms\Models\InventoryDetailViewModel.cs:line 105
   --- End of inner exception stack trace ---
   at iGoo.Areas.Webcms.Models.InventoryDetailViewModel.Insert() in k:\BBT\SC v2\iGoo\Areas\Webcms\Models\InventoryDetailViewModel.cs:line 111
   at iGoo.Areas.Webcms.Controllers.NhapKhoSXController.Update() in k:\BBT\SC v2\iGoo\Areas\Webcms\Controllers\NhapKhoSXController.cs:line 164
07/01/2014 16:25:47
Error in: http://localhost:2180/Webcms/NhapKhoSX/Update. Error Message:System.Exception: InventoryDetailViewModel::SelectAll::Error occured. ---> System.Data.SqlClient.SqlException: Procedure or function 'sp_CMS_InventoryDetails_InsertFull' expects parameter '@iSoChungTu', which was not supplied.
   at System.Data.SqlClient.SqlConnection.OnError(SqlException exception, Boolean breakConnection, Action`1 wrapCloseInAction)
   at System.Data.SqlClient.SqlInternalConnection.OnError(SqlException exception, Boolean breakConnection, Action`1 wrapCloseInAction)
   at System.Data.SqlClient.TdsParser.ThrowExceptionAndWarning(TdsParserStateObject stateObj, Boolean callerHasConnectionLock, Boolean asyncClose)
   at System.Data.SqlClient.TdsParser.TryRun(RunBehavior runBehavior, SqlCommand cmdHandler, SqlDataReader dataStream, BulkCopySimpleResultSet bulkCopyHandler, TdsParserStateObject stateObj, Boolean& dataReady)
   at System.Data.SqlClient.SqlCommand.FinishExecuteReader(SqlDataReader ds, RunBehavior runBehavior, String resetOptionsString)
   at System.Data.SqlClient.SqlCommand.RunExecuteReaderTds(CommandBehavior cmdBehavior, RunBehavior runBehavior, Boolean returnStream, Boolean async, Int32 timeout, Task& task, Boolean asyncWrite)
   at System.Data.SqlClient.SqlCommand.RunExecuteReader(CommandBehavior cmdBehavior, RunBehavior runBehavior, Boolean returnStream, String method, TaskCompletionSource`1 completion, Int32 timeout, Task& task, Boolean asyncWrite)
   at System.Data.SqlClient.SqlCommand.InternalExecuteNonQuery(TaskCompletionSource`1 completion, String methodName, Boolean sendToPipe, Int32 timeout, Boolean asyncWrite)
   at System.Data.SqlClient.SqlCommand.ExecuteNonQuery()
   at iGoo.Areas.Webcms.Models.InventoryDetailViewModel.Insert() in k:\BBT\SC v2\iGoo\Areas\Webcms\Models\InventoryDetailViewModel.cs:line 105
   --- End of inner exception stack trace ---
   at iGoo.Areas.Webcms.Models.InventoryDetailViewModel.Insert() in k:\BBT\SC v2\iGoo\Areas\Webcms\Models\InventoryDetailViewModel.cs:line 111
   at iGoo.Areas.Webcms.Controllers.NhapKhoSXController.Update() in k:\BBT\SC v2\iGoo\Areas\Webcms\Controllers\NhapKhoSXController.cs:line 164
