07/02/2014 10:28:34
Error in: http://localhost:2180/order/SendOrder. Error Message:System.Exception: OrderViewModel::Insert::Error occured. ---> System.Data.SqlClient.SqlException: Violation of PRIMARY KEY constraint 'PK__CMS_Orde__C3905BAF2FF70781'. Cannot insert duplicate key in object 'dbo.CMS_Orders'.
The statement has been terminated.
   at System.Data.SqlClient.SqlConnection.OnError(SqlException exception, Boolean breakConnection, Action`1 wrapCloseInAction)
   at System.Data.SqlClient.SqlInternalConnection.OnError(SqlException exception, Boolean breakConnection, Action`1 wrapCloseInAction)
   at System.Data.SqlClient.TdsParser.ThrowExceptionAndWarning(TdsParserStateObject stateObj, Boolean callerHasConnectionLock, Boolean asyncClose)
   at System.Data.SqlClient.TdsParser.TryRun(RunBehavior runBehavior, SqlCommand cmdHandler, SqlDataReader dataStream, BulkCopySimpleResultSet bulkCopyHandler, TdsParserStateObject stateObj, Boolean& dataReady)
   at System.Data.SqlClient.SqlCommand.FinishExecuteReader(SqlDataReader ds, RunBehavior runBehavior, String resetOptionsString)
   at System.Data.SqlClient.SqlCommand.RunExecuteReaderTds(CommandBehavior cmdBehavior, RunBehavior runBehavior, Boolean returnStream, Boolean async, Int32 timeout, Task& task, Boolean asyncWrite)
   at System.Data.SqlClient.SqlCommand.RunExecuteReader(CommandBehavior cmdBehavior, RunBehavior runBehavior, Boolean returnStream, String method, TaskCompletionSource`1 completion, Int32 timeout, Task& task, Boolean asyncWrite)
   at System.Data.SqlClient.SqlCommand.InternalExecuteNonQuery(TaskCompletionSource`1 completion, String methodName, Boolean sendToPipe, Int32 timeout, Boolean asyncWrite)
   at System.Data.SqlClient.SqlCommand.ExecuteNonQuery()
   at iGoo.Models.OrderViewModel.Insert() in k:\BBT\SC v2\iGoo\Models\OrderViewModel.cs:line 158
   --- End of inner exception stack trace ---
   at iGoo.Models.OrderViewModel.Insert() in k:\BBT\SC v2\iGoo\Models\OrderViewModel.cs:line 164
   at iGoo.Controllers.OrderController.SendOrder() in k:\BBT\SC v2\iGoo\Controllers\OrderController.cs:line 106
07/02/2014 14:42:00
Error in: http://localhost:2180/Webcms/Product/Create. Error Message:System.Exception: clsCMS_Products::Insert::Error occured. ---> System.Data.SqlClient.SqlException: A cursor with the name 'cs' does not exist.
   at System.Data.SqlClient.SqlConnection.OnError(SqlException exception, Boolean breakConnection, Action`1 wrapCloseInAction)
   at System.Data.SqlClient.SqlInternalConnection.OnError(SqlException exception, Boolean breakConnection, Action`1 wrapCloseInAction)
   at System.Data.SqlClient.TdsParser.ThrowExceptionAndWarning(TdsParserStateObject stateObj, Boolean callerHasConnectionLock, Boolean asyncClose)
   at System.Data.SqlClient.TdsParser.TryRun(RunBehavior runBehavior, SqlCommand cmdHandler, SqlDataReader dataStream, BulkCopySimpleResultSet bulkCopyHandler, TdsParserStateObject stateObj, Boolean& dataReady)
   at System.Data.SqlClient.SqlCommand.FinishExecuteReader(SqlDataReader ds, RunBehavior runBehavior, String resetOptionsString)
   at System.Data.SqlClient.SqlCommand.RunExecuteReaderTds(CommandBehavior cmdBehavior, RunBehavior runBehavior, Boolean returnStream, Boolean async, Int32 timeout, Task& task, Boolean asyncWrite)
   at System.Data.SqlClient.SqlCommand.RunExecuteReader(CommandBehavior cmdBehavior, RunBehavior runBehavior, Boolean returnStream, String method, TaskCompletionSource`1 completion, Int32 timeout, Task& task, Boolean asyncWrite)
   at System.Data.SqlClient.SqlCommand.InternalExecuteNonQuery(TaskCompletionSource`1 completion, String methodName, Boolean sendToPipe, Int32 timeout, Boolean asyncWrite)
   at System.Data.SqlClient.SqlCommand.ExecuteNonQuery()
   at iGoo.Classes.clsCMS_Products.Insert() in k:\BBT\SC v2\iGoo\Classes\clsCMS_Products.cs:line 96
   --- End of inner exception stack trace ---
   at iGoo.Classes.clsCMS_Products.Insert() in k:\BBT\SC v2\iGoo\Classes\clsCMS_Products.cs:line 102
   at iGoo.Areas.Webcms.Controllers.ProductController.Create() in k:\BBT\SC v2\iGoo\Areas\Webcms\Controllers\ProductController.cs:line 407
07/02/2014 14:43:09
Error in: http://localhost:2180/Webcms/Product/Create. Error Message:System.Exception: clsCMS_Products::Insert::Error occured. ---> System.Data.SqlClient.SqlException: A cursor with the name 'cs' does not exist.
   at System.Data.SqlClient.SqlConnection.OnError(SqlException exception, Boolean breakConnection, Action`1 wrapCloseInAction)
   at System.Data.SqlClient.SqlInternalConnection.OnError(SqlException exception, Boolean breakConnection, Action`1 wrapCloseInAction)
   at System.Data.SqlClient.TdsParser.ThrowExceptionAndWarning(TdsParserStateObject stateObj, Boolean callerHasConnectionLock, Boolean asyncClose)
   at System.Data.SqlClient.TdsParser.TryRun(RunBehavior runBehavior, SqlCommand cmdHandler, SqlDataReader dataStream, BulkCopySimpleResultSet bulkCopyHandler, TdsParserStateObject stateObj, Boolean& dataReady)
   at System.Data.SqlClient.SqlCommand.FinishExecuteReader(SqlDataReader ds, RunBehavior runBehavior, String resetOptionsString)
   at System.Data.SqlClient.SqlCommand.RunExecuteReaderTds(CommandBehavior cmdBehavior, RunBehavior runBehavior, Boolean returnStream, Boolean async, Int32 timeout, Task& task, Boolean asyncWrite)
   at System.Data.SqlClient.SqlCommand.RunExecuteReader(CommandBehavior cmdBehavior, RunBehavior runBehavior, Boolean returnStream, String method, TaskCompletionSource`1 completion, Int32 timeout, Task& task, Boolean asyncWrite)
   at System.Data.SqlClient.SqlCommand.InternalExecuteNonQuery(TaskCompletionSource`1 completion, String methodName, Boolean sendToPipe, Int32 timeout, Boolean asyncWrite)
   at System.Data.SqlClient.SqlCommand.ExecuteNonQuery()
   at iGoo.Classes.clsCMS_Products.Insert() in k:\BBT\SC v2\iGoo\Classes\clsCMS_Products.cs:line 96
   --- End of inner exception stack trace ---
   at iGoo.Classes.clsCMS_Products.Insert() in k:\BBT\SC v2\iGoo\Classes\clsCMS_Products.cs:line 102
   at iGoo.Areas.Webcms.Controllers.ProductController.Create() in k:\BBT\SC v2\iGoo\Areas\Webcms\Controllers\ProductController.cs:line 407
07/02/2014 14:43:35
Error in: http://localhost:2180/Webcms/Product/Create. Error Message:System.Exception: clsCMS_Products::Insert::Error occured. ---> System.Data.SqlClient.SqlException: A cursor with the name 'cs' does not exist.
   at System.Data.SqlClient.SqlConnection.OnError(SqlException exception, Boolean breakConnection, Action`1 wrapCloseInAction)
   at System.Data.SqlClient.SqlInternalConnection.OnError(SqlException exception, Boolean breakConnection, Action`1 wrapCloseInAction)
   at System.Data.SqlClient.TdsParser.ThrowExceptionAndWarning(TdsParserStateObject stateObj, Boolean callerHasConnectionLock, Boolean asyncClose)
   at System.Data.SqlClient.TdsParser.TryRun(RunBehavior runBehavior, SqlCommand cmdHandler, SqlDataReader dataStream, BulkCopySimpleResultSet bulkCopyHandler, TdsParserStateObject stateObj, Boolean& dataReady)
   at System.Data.SqlClient.SqlCommand.FinishExecuteReader(SqlDataReader ds, RunBehavior runBehavior, String resetOptionsString)
   at System.Data.SqlClient.SqlCommand.RunExecuteReaderTds(CommandBehavior cmdBehavior, RunBehavior runBehavior, Boolean returnStream, Boolean async, Int32 timeout, Task& task, Boolean asyncWrite)
   at System.Data.SqlClient.SqlCommand.RunExecuteReader(CommandBehavior cmdBehavior, RunBehavior runBehavior, Boolean returnStream, String method, TaskCompletionSource`1 completion, Int32 timeout, Task& task, Boolean asyncWrite)
   at System.Data.SqlClient.SqlCommand.InternalExecuteNonQuery(TaskCompletionSource`1 completion, String methodName, Boolean sendToPipe, Int32 timeout, Boolean asyncWrite)
   at System.Data.SqlClient.SqlCommand.ExecuteNonQuery()
   at iGoo.Classes.clsCMS_Products.Insert() in k:\BBT\SC v2\iGoo\Classes\clsCMS_Products.cs:line 96
   --- End of inner exception stack trace ---
   at iGoo.Classes.clsCMS_Products.Insert() in k:\BBT\SC v2\iGoo\Classes\clsCMS_Products.cs:line 102
   at iGoo.Areas.Webcms.Controllers.ProductController.Create() in k:\BBT\SC v2\iGoo\Areas\Webcms\Controllers\ProductController.cs:line 407
07/02/2014 14:46:09
Error in: http://localhost:2180/Webcms/Product/Create. Error Message:System.Exception: clsCMS_Products::Insert::Error occured. ---> System.Data.SqlClient.SqlException: A cursor with the name 'cs' does not exist.
   at System.Data.SqlClient.SqlConnection.OnError(SqlException exception, Boolean breakConnection, Action`1 wrapCloseInAction)
   at System.Data.SqlClient.SqlInternalConnection.OnError(SqlException exception, Boolean breakConnection, Action`1 wrapCloseInAction)
   at System.Data.SqlClient.TdsParser.ThrowExceptionAndWarning(TdsParserStateObject stateObj, Boolean callerHasConnectionLock, Boolean asyncClose)
   at System.Data.SqlClient.TdsParser.TryRun(RunBehavior runBehavior, SqlCommand cmdHandler, SqlDataReader dataStream, BulkCopySimpleResultSet bulkCopyHandler, TdsParserStateObject stateObj, Boolean& dataReady)
   at System.Data.SqlClient.SqlCommand.FinishExecuteReader(SqlDataReader ds, RunBehavior runBehavior, String resetOptionsString)
   at System.Data.SqlClient.SqlCommand.RunExecuteReaderTds(CommandBehavior cmdBehavior, RunBehavior runBehavior, Boolean returnStream, Boolean async, Int32 timeout, Task& task, Boolean asyncWrite)
   at System.Data.SqlClient.SqlCommand.RunExecuteReader(CommandBehavior cmdBehavior, RunBehavior runBehavior, Boolean returnStream, String method, TaskCompletionSource`1 completion, Int32 timeout, Task& task, Boolean asyncWrite)
   at System.Data.SqlClient.SqlCommand.InternalExecuteNonQuery(TaskCompletionSource`1 completion, String methodName, Boolean sendToPipe, Int32 timeout, Boolean asyncWrite)
   at System.Data.SqlClient.SqlCommand.ExecuteNonQuery()
   at iGoo.Classes.clsCMS_Products.Insert() in k:\BBT\SC v2\iGoo\Classes\clsCMS_Products.cs:line 96
   --- End of inner exception stack trace ---
   at iGoo.Classes.clsCMS_Products.Insert() in k:\BBT\SC v2\iGoo\Classes\clsCMS_Products.cs:line 102
   at iGoo.Areas.Webcms.Controllers.ProductController.Create() in k:\BBT\SC v2\iGoo\Areas\Webcms\Controllers\ProductController.cs:line 407
07/02/2014 14:47:11
Error in: http://localhost:2180/Webcms/Product/Create. Error Message:System.Exception: clsCMS_Products::Insert::Error occured. ---> System.Data.SqlClient.SqlException: A cursor with the name 'cs' does not exist.
   at System.Data.SqlClient.SqlConnection.OnError(SqlException exception, Boolean breakConnection, Action`1 wrapCloseInAction)
   at System.Data.SqlClient.SqlInternalConnection.OnError(SqlException exception, Boolean breakConnection, Action`1 wrapCloseInAction)
   at System.Data.SqlClient.TdsParser.ThrowExceptionAndWarning(TdsParserStateObject stateObj, Boolean callerHasConnectionLock, Boolean asyncClose)
   at System.Data.SqlClient.TdsParser.TryRun(RunBehavior runBehavior, SqlCommand cmdHandler, SqlDataReader dataStream, BulkCopySimpleResultSet bulkCopyHandler, TdsParserStateObject stateObj, Boolean& dataReady)
   at System.Data.SqlClient.SqlCommand.FinishExecuteReader(SqlDataReader ds, RunBehavior runBehavior, String resetOptionsString)
   at System.Data.SqlClient.SqlCommand.RunExecuteReaderTds(CommandBehavior cmdBehavior, RunBehavior runBehavior, Boolean returnStream, Boolean async, Int32 timeout, Task& task, Boolean asyncWrite)
   at System.Data.SqlClient.SqlCommand.RunExecuteReader(CommandBehavior cmdBehavior, RunBehavior runBehavior, Boolean returnStream, String method, TaskCompletionSource`1 completion, Int32 timeout, Task& task, Boolean asyncWrite)
   at System.Data.SqlClient.SqlCommand.InternalExecuteNonQuery(TaskCompletionSource`1 completion, String methodName, Boolean sendToPipe, Int32 timeout, Boolean asyncWrite)
   at System.Data.SqlClient.SqlCommand.ExecuteNonQuery()
   at iGoo.Classes.clsCMS_Products.Insert() in k:\BBT\SC v2\iGoo\Classes\clsCMS_Products.cs:line 96
   --- End of inner exception stack trace ---
   at iGoo.Classes.clsCMS_Products.Insert() in k:\BBT\SC v2\iGoo\Classes\clsCMS_Products.cs:line 102
   at iGoo.Areas.Webcms.Controllers.ProductController.Create() in k:\BBT\SC v2\iGoo\Areas\Webcms\Controllers\ProductController.cs:line 407
