09/05/2014 10:48:20
Error in: http://localhost:2180/Webcms/Order/Update. Error Message:System.FormatException: Unrecognized Guid format.
   at System.Guid.GuidResult.SetFailure(ParseFailureKind failure, String failureMessageID, Object failureMessageFormatArgument, String failureArgumentName, Exception innerException)
   at System.Guid.TryParseGuid(String g, GuidStyles flags, GuidResult& result)
   at System.Guid..ctor(String g)
   at iGoo.Areas.Webcms.Controllers.OrderController.Update() in k:\BBT\SC v2\iGoo\Areas\Webcms\Controllers\OrderController.cs:line 283
09/05/2014 10:49:36
Error in: http://localhost:2180/Webcms/Order/Update. Error Message:System.FormatException: Unrecognized Guid format.
   at System.Guid.GuidResult.SetFailure(ParseFailureKind failure, String failureMessageID, Object failureMessageFormatArgument, String failureArgumentName, Exception innerException)
   at System.Guid.TryParseGuid(String g, GuidStyles flags, GuidResult& result)
   at System.Guid..ctor(String g)
   at iGoo.Areas.Webcms.Controllers.OrderController.Update() in k:\BBT\SC v2\iGoo\Areas\Webcms\Controllers\OrderController.cs:line 283
09/05/2014 10:49:55
Error in: http://localhost:2180/Webcms/Order/Update. Error Message:System.FormatException: Unrecognized Guid format.
   at System.Guid.GuidResult.SetFailure(ParseFailureKind failure, String failureMessageID, Object failureMessageFormatArgument, String failureArgumentName, Exception innerException)
   at System.Guid.TryParseGuid(String g, GuidStyles flags, GuidResult& result)
   at System.Guid..ctor(String g)
   at iGoo.Areas.Webcms.Controllers.OrderController.Update() in k:\BBT\SC v2\iGoo\Areas\Webcms\Controllers\OrderController.cs:line 283
09/05/2014 10:51:33
Error in: http://localhost:2180/Webcms/Order/Update. Error Message:System.FormatException: Unrecognized Guid format.
   at System.Guid.GuidResult.SetFailure(ParseFailureKind failure, String failureMessageID, Object failureMessageFormatArgument, String failureArgumentName, Exception innerException)
   at System.Guid.TryParseGuid(String g, GuidStyles flags, GuidResult& result)
   at System.Guid..ctor(String g)
   at iGoo.Areas.Webcms.Controllers.OrderController.Update() in k:\BBT\SC v2\iGoo\Areas\Webcms\Controllers\OrderController.cs:line 283
09/05/2014 10:53:02
Error in: http://localhost:2180/Webcms/Order/Update. Error Message:System.FormatException: Unrecognized Guid format.
   at System.Guid.GuidResult.SetFailure(ParseFailureKind failure, String failureMessageID, Object failureMessageFormatArgument, String failureArgumentName, Exception innerException)
   at System.Guid.TryParseGuid(String g, GuidStyles flags, GuidResult& result)
   at System.Guid..ctor(String g)
   at iGoo.Areas.Webcms.Controllers.OrderController.Update() in k:\BBT\SC v2\iGoo\Areas\Webcms\Controllers\OrderController.cs:line 283
09/05/2014 11:03:33
Error in: http://localhost:2180/Webcms/Order/Update. Error Message:System.FormatException: Unrecognized Guid format.
   at System.Guid.GuidResult.SetFailure(ParseFailureKind failure, String failureMessageID, Object failureMessageFormatArgument, String failureArgumentName, Exception innerException)
   at System.Guid.TryParseGuid(String g, GuidStyles flags, GuidResult& result)
   at System.Guid..ctor(String g)
   at iGoo.Areas.Webcms.Controllers.OrderController.Update() in k:\BBT\SC v2\iGoo\Areas\Webcms\Controllers\OrderController.cs:line 284
