08/12/2014 17:09:42
Error in: http://localhost:2180/Webcms/Order/Update. Error Message:System.FormatException: Unrecognized Guid format.
   at System.Guid.GuidResult.SetFailure(ParseFailureKind failure, String failureMessageID, Object failureMessageFormatArgument, String failureArgumentName, Exception innerException)
   at System.Guid.TryParseGuid(String g, GuidStyles flags, GuidResult& result)
   at System.Guid..ctor(String g)
   at iGoo.Areas.Webcms.Controllers.OrderController.Update() in k:\BBT\SC v2\iGoo\Areas\Webcms\Controllers\OrderController.cs:line 275
08/12/2014 17:10:11
Error in: http://localhost:2180/Webcms/Order/Update. Error Message:System.FormatException: Unrecognized Guid format.
   at System.Guid.GuidResult.SetFailure(ParseFailureKind failure, String failureMessageID, Object failureMessageFormatArgument, String failureArgumentName, Exception innerException)
   at System.Guid.TryParseGuid(String g, GuidStyles flags, GuidResult& result)
   at System.Guid..ctor(String g)
   at iGoo.Areas.Webcms.Controllers.OrderController.Update() in k:\BBT\SC v2\iGoo\Areas\Webcms\Controllers\OrderController.cs:line 275
08/12/2014 17:10:32
Error in: http://localhost:2180/Webcms/Order/Update. Error Message:System.FormatException: Unrecognized Guid format.
   at System.Guid.GuidResult.SetFailure(ParseFailureKind failure, String failureMessageID, Object failureMessageFormatArgument, String failureArgumentName, Exception innerException)
   at System.Guid.TryParseGuid(String g, GuidStyles flags, GuidResult& result)
   at System.Guid..ctor(String g)
   at iGoo.Areas.Webcms.Controllers.OrderController.Update() in k:\BBT\SC v2\iGoo\Areas\Webcms\Controllers\OrderController.cs:line 275
08/12/2014 17:12:00
Error in: http://localhost:2180/Webcms/Order/Update. Error Message:System.FormatException: Unrecognized Guid format.
   at System.Guid.GuidResult.SetFailure(ParseFailureKind failure, String failureMessageID, Object failureMessageFormatArgument, String failureArgumentName, Exception innerException)
   at System.Guid.TryParseGuid(String g, GuidStyles flags, GuidResult& result)
   at System.Guid..ctor(String g)
   at iGoo.Areas.Webcms.Controllers.OrderController.Update() in k:\BBT\SC v2\iGoo\Areas\Webcms\Controllers\OrderController.cs:line 275
08/12/2014 17:14:11
Error in: http://localhost:2180/Webcms/Order/Update. Error Message:System.FormatException: Unrecognized Guid format.
   at System.Guid.GuidResult.SetFailure(ParseFailureKind failure, String failureMessageID, Object failureMessageFormatArgument, String failureArgumentName, Exception innerException)
   at System.Guid.TryParseGuid(String g, GuidStyles flags, GuidResult& result)
   at System.Guid..ctor(String g)
   at iGoo.Areas.Webcms.Controllers.OrderController.Update() in k:\BBT\SC v2\iGoo\Areas\Webcms\Controllers\OrderController.cs:line 275
