06/17/2014 14:31:49
Error in: http://localhost:14327/order/SendOrder. Error Message:System.Exception: OrderViewModel::Insert::Error occured. ---> System.Data.SqlClient.SqlException: Procedure or function 'sp_CMS_Orders_Insert' expects parameter '@iOType', which was not supplied.
   at System.Data.SqlClient.SqlConnection.OnError(SqlException exception, Boolean breakConnection, Action`1 wrapCloseInAction)
   at System.Data.SqlClient.SqlInternalConnection.OnError(SqlException exception, Boolean breakConnection, Action`1 wrapCloseInAction)
   at System.Data.SqlClient.TdsParser.ThrowExceptionAndWarning(TdsParserStateObject stateObj, Boolean callerHasConnectionLock, Boolean asyncClose)
   at System.Data.SqlClient.TdsParser.TryRun(RunBehavior runBehavior, SqlCommand cmdHandler, SqlDataReader dataStream, BulkCopySimpleResultSet bulkCopyHandler, TdsParserStateObject stateObj, Boolean& dataReady)
   at System.Data.SqlClient.SqlCommand.FinishExecuteReader(SqlDataReader ds, RunBehavior runBehavior, String resetOptionsString)
   at System.Data.SqlClient.SqlCommand.RunExecuteReaderTds(CommandBehavior cmdBehavior, RunBehavior runBehavior, Boolean returnStream, Boolean async, Int32 timeout, Task& task, Boolean asyncWrite)
   at System.Data.SqlClient.SqlCommand.RunExecuteReader(CommandBehavior cmdBehavior, RunBehavior runBehavior, Boolean returnStream, String method, TaskCompletionSource`1 completion, Int32 timeout, Task& task, Boolean asyncWrite)
   at System.Data.SqlClient.SqlCommand.InternalExecuteNonQuery(TaskCompletionSource`1 completion, String methodName, Boolean sendToPipe, Int32 timeout, Boolean asyncWrite)
   at System.Data.SqlClient.SqlCommand.ExecuteNonQuery()
   at iGoo.Models.OrderViewModel.Insert() in k:\BBT\SC v2\iGoo\Models\OrderViewModel.cs:line 155
   --- End of inner exception stack trace ---
   at iGoo.Models.OrderViewModel.Insert() in k:\BBT\SC v2\iGoo\Models\OrderViewModel.cs:line 161
   at iGoo.Controllers.OrderController.SendOrder() in k:\BBT\SC v2\iGoo\Controllers\OrderController.cs:line 103
06/17/2014 14:43:19
Error in: http://localhost:1525/order/SendOrder. Error Message:System.Exception: OrderViewModel::Insert::Error occured. ---> System.Data.SqlClient.SqlException: Procedure or function 'sp_CMS_Orders_Insert' expects parameter '@iOType', which was not supplied.
   at System.Data.SqlClient.SqlConnection.OnError(SqlException exception, Boolean breakConnection, Action`1 wrapCloseInAction)
   at System.Data.SqlClient.SqlInternalConnection.OnError(SqlException exception, Boolean breakConnection, Action`1 wrapCloseInAction)
   at System.Data.SqlClient.TdsParser.ThrowExceptionAndWarning(TdsParserStateObject stateObj, Boolean callerHasConnectionLock, Boolean asyncClose)
   at System.Data.SqlClient.TdsParser.TryRun(RunBehavior runBehavior, SqlCommand cmdHandler, SqlDataReader dataStream, BulkCopySimpleResultSet bulkCopyHandler, TdsParserStateObject stateObj, Boolean& dataReady)
   at System.Data.SqlClient.SqlCommand.FinishExecuteReader(SqlDataReader ds, RunBehavior runBehavior, String resetOptionsString)
   at System.Data.SqlClient.SqlCommand.RunExecuteReaderTds(CommandBehavior cmdBehavior, RunBehavior runBehavior, Boolean returnStream, Boolean async, Int32 timeout, Task& task, Boolean asyncWrite)
   at System.Data.SqlClient.SqlCommand.RunExecuteReader(CommandBehavior cmdBehavior, RunBehavior runBehavior, Boolean returnStream, String method, TaskCompletionSource`1 completion, Int32 timeout, Task& task, Boolean asyncWrite)
   at System.Data.SqlClient.SqlCommand.InternalExecuteNonQuery(TaskCompletionSource`1 completion, String methodName, Boolean sendToPipe, Int32 timeout, Boolean asyncWrite)
   at System.Data.SqlClient.SqlCommand.ExecuteNonQuery()
   at iGoo.Models.OrderViewModel.Insert() in k:\BBT\SC v2\iGoo\Models\OrderViewModel.cs:line 155
   --- End of inner exception stack trace ---
   at iGoo.Models.OrderViewModel.Insert() in k:\BBT\SC v2\iGoo\Models\OrderViewModel.cs:line 161
   at iGoo.Controllers.OrderController.SendOrder() in k:\BBT\SC v2\iGoo\Controllers\OrderController.cs:line 103
06/17/2014 14:48:30
Error in: http://localhost:1525/order/SendOrder. Error Message:System.Exception: OrderViewModel::Insert::Error occured. ---> System.Data.SqlClient.SqlException: Procedure or function 'sp_CMS_Orders_Insert' expects parameter '@iOType', which was not supplied.
   at System.Data.SqlClient.SqlConnection.OnError(SqlException exception, Boolean breakConnection, Action`1 wrapCloseInAction)
   at System.Data.SqlClient.SqlInternalConnection.OnError(SqlException exception, Boolean breakConnection, Action`1 wrapCloseInAction)
   at System.Data.SqlClient.TdsParser.ThrowExceptionAndWarning(TdsParserStateObject stateObj, Boolean callerHasConnectionLock, Boolean asyncClose)
   at System.Data.SqlClient.TdsParser.TryRun(RunBehavior runBehavior, SqlCommand cmdHandler, SqlDataReader dataStream, BulkCopySimpleResultSet bulkCopyHandler, TdsParserStateObject stateObj, Boolean& dataReady)
   at System.Data.SqlClient.SqlCommand.FinishExecuteReader(SqlDataReader ds, RunBehavior runBehavior, String resetOptionsString)
   at System.Data.SqlClient.SqlCommand.RunExecuteReaderTds(CommandBehavior cmdBehavior, RunBehavior runBehavior, Boolean returnStream, Boolean async, Int32 timeout, Task& task, Boolean asyncWrite)
   at System.Data.SqlClient.SqlCommand.RunExecuteReader(CommandBehavior cmdBehavior, RunBehavior runBehavior, Boolean returnStream, String method, TaskCompletionSource`1 completion, Int32 timeout, Task& task, Boolean asyncWrite)
   at System.Data.SqlClient.SqlCommand.InternalExecuteNonQuery(TaskCompletionSource`1 completion, String methodName, Boolean sendToPipe, Int32 timeout, Boolean asyncWrite)
   at System.Data.SqlClient.SqlCommand.ExecuteNonQuery()
   at iGoo.Models.OrderViewModel.Insert() in k:\BBT\SC v2\iGoo\Models\OrderViewModel.cs:line 155
   --- End of inner exception stack trace ---
   at iGoo.Models.OrderViewModel.Insert() in k:\BBT\SC v2\iGoo\Models\OrderViewModel.cs:line 161
   at iGoo.Controllers.OrderController.SendOrder() in k:\BBT\SC v2\iGoo\Controllers\OrderController.cs:line 106
