07/21/2014 17:05:51
Error in: http://localhost:2180/Webcms/Order/UpdateInventory. Error Message:System.Exception: OrdersViewModel::UpdateOrderByOrderDetail::Error occured. ---> System.Data.SqlClient.SqlException: Could not find stored procedure 'dbo.sp_CMS_Orders_Update_Inventory'.
   at System.Data.SqlClient.SqlConnection.OnError(SqlException exception, Boolean breakConnection, Action`1 wrapCloseInAction)
   at System.Data.SqlClient.SqlInternalConnection.OnError(SqlException exception, Boolean breakConnection, Action`1 wrapCloseInAction)
   at System.Data.SqlClient.TdsParser.ThrowExceptionAndWarning(TdsParserStateObject stateObj, Boolean callerHasConnectionLock, Boolean asyncClose)
   at System.Data.SqlClient.TdsParser.TryRun(RunBehavior runBehavior, SqlCommand cmdHandler, SqlDataReader dataStream, BulkCopySimpleResultSet bulkCopyHandler, TdsParserStateObject stateObj, Boolean& dataReady)
   at System.Data.SqlClient.SqlCommand.FinishExecuteReader(SqlDataReader ds, RunBehavior runBehavior, String resetOptionsString)
   at System.Data.SqlClient.SqlCommand.RunExecuteReaderTds(CommandBehavior cmdBehavior, RunBehavior runBehavior, Boolean returnStream, Boolean async, Int32 timeout, Task& task, Boolean asyncWrite)
   at System.Data.SqlClient.SqlCommand.RunExecuteReader(CommandBehavior cmdBehavior, RunBehavior runBehavior, Boolean returnStream, String method, TaskCompletionSource`1 completion, Int32 timeout, Task& task, Boolean asyncWrite)
   at System.Data.SqlClient.SqlCommand.InternalExecuteNonQuery(TaskCompletionSource`1 completion, String methodName, Boolean sendToPipe, Int32 timeout, Boolean asyncWrite)
   at System.Data.SqlClient.SqlCommand.ExecuteNonQuery()
   at iGoo.Areas.Webcms.Models.OrderViewModel.UpdateInventory() in k:\BBT\SC v2\iGoo\Areas\Webcms\Models\OrderViewModel.cs:line 609
   --- End of inner exception stack trace ---
   at iGoo.Areas.Webcms.Models.OrderViewModel.UpdateInventory() in k:\BBT\SC v2\iGoo\Areas\Webcms\Models\OrderViewModel.cs:line 615
   at iGoo.Areas.Webcms.Controllers.OrderController.UpdateInventory() in k:\BBT\SC v2\iGoo\Areas\Webcms\Controllers\OrderController.cs:line 331
07/21/2014 17:06:17
Error in: http://localhost:2180/Webcms/Order/UpdateInventory. Error Message:System.Exception: OrdersViewModel::UpdateOrderByOrderDetail::Error occured. ---> System.Data.SqlClient.SqlException: Could not find stored procedure 'dbo.sp_CMS_Orders_Update_Inventory'.
   at System.Data.SqlClient.SqlConnection.OnError(SqlException exception, Boolean breakConnection, Action`1 wrapCloseInAction)
   at System.Data.SqlClient.SqlInternalConnection.OnError(SqlException exception, Boolean breakConnection, Action`1 wrapCloseInAction)
   at System.Data.SqlClient.TdsParser.ThrowExceptionAndWarning(TdsParserStateObject stateObj, Boolean callerHasConnectionLock, Boolean asyncClose)
   at System.Data.SqlClient.TdsParser.TryRun(RunBehavior runBehavior, SqlCommand cmdHandler, SqlDataReader dataStream, BulkCopySimpleResultSet bulkCopyHandler, TdsParserStateObject stateObj, Boolean& dataReady)
   at System.Data.SqlClient.SqlCommand.FinishExecuteReader(SqlDataReader ds, RunBehavior runBehavior, String resetOptionsString)
   at System.Data.SqlClient.SqlCommand.RunExecuteReaderTds(CommandBehavior cmdBehavior, RunBehavior runBehavior, Boolean returnStream, Boolean async, Int32 timeout, Task& task, Boolean asyncWrite)
   at System.Data.SqlClient.SqlCommand.RunExecuteReader(CommandBehavior cmdBehavior, RunBehavior runBehavior, Boolean returnStream, String method, TaskCompletionSource`1 completion, Int32 timeout, Task& task, Boolean asyncWrite)
   at System.Data.SqlClient.SqlCommand.InternalExecuteNonQuery(TaskCompletionSource`1 completion, String methodName, Boolean sendToPipe, Int32 timeout, Boolean asyncWrite)
   at System.Data.SqlClient.SqlCommand.ExecuteNonQuery()
   at iGoo.Areas.Webcms.Models.OrderViewModel.UpdateInventory() in k:\BBT\SC v2\iGoo\Areas\Webcms\Models\OrderViewModel.cs:line 609
   --- End of inner exception stack trace ---
   at iGoo.Areas.Webcms.Models.OrderViewModel.UpdateInventory() in k:\BBT\SC v2\iGoo\Areas\Webcms\Models\OrderViewModel.cs:line 615
   at iGoo.Areas.Webcms.Controllers.OrderController.UpdateInventory() in k:\BBT\SC v2\iGoo\Areas\Webcms\Controllers\OrderController.cs:line 331
07/21/2014 17:08:03
Error in: http://localhost:2180/Webcms/Order/UpdateInventory. Error Message:System.Exception: OrdersViewModel::UpdateOrderByOrderDetail::Error occured. ---> System.Data.SqlClient.SqlException: Could not find stored procedure 'dbo.sp_CMS_Orders_Update_Inventory'.
   at System.Data.SqlClient.SqlConnection.OnError(SqlException exception, Boolean breakConnection, Action`1 wrapCloseInAction)
   at System.Data.SqlClient.SqlInternalConnection.OnError(SqlException exception, Boolean breakConnection, Action`1 wrapCloseInAction)
   at System.Data.SqlClient.TdsParser.ThrowExceptionAndWarning(TdsParserStateObject stateObj, Boolean callerHasConnectionLock, Boolean asyncClose)
   at System.Data.SqlClient.TdsParser.TryRun(RunBehavior runBehavior, SqlCommand cmdHandler, SqlDataReader dataStream, BulkCopySimpleResultSet bulkCopyHandler, TdsParserStateObject stateObj, Boolean& dataReady)
   at System.Data.SqlClient.SqlCommand.FinishExecuteReader(SqlDataReader ds, RunBehavior runBehavior, String resetOptionsString)
   at System.Data.SqlClient.SqlCommand.RunExecuteReaderTds(CommandBehavior cmdBehavior, RunBehavior runBehavior, Boolean returnStream, Boolean async, Int32 timeout, Task& task, Boolean asyncWrite)
   at System.Data.SqlClient.SqlCommand.RunExecuteReader(CommandBehavior cmdBehavior, RunBehavior runBehavior, Boolean returnStream, String method, TaskCompletionSource`1 completion, Int32 timeout, Task& task, Boolean asyncWrite)
   at System.Data.SqlClient.SqlCommand.InternalExecuteNonQuery(TaskCompletionSource`1 completion, String methodName, Boolean sendToPipe, Int32 timeout, Boolean asyncWrite)
   at System.Data.SqlClient.SqlCommand.ExecuteNonQuery()
   at iGoo.Areas.Webcms.Models.OrderViewModel.UpdateInventory() in k:\BBT\SC v2\iGoo\Areas\Webcms\Models\OrderViewModel.cs:line 609
   --- End of inner exception stack trace ---
   at iGoo.Areas.Webcms.Models.OrderViewModel.UpdateInventory() in k:\BBT\SC v2\iGoo\Areas\Webcms\Models\OrderViewModel.cs:line 615
   at iGoo.Areas.Webcms.Controllers.OrderController.UpdateInventory() in k:\BBT\SC v2\iGoo\Areas\Webcms\Controllers\OrderController.cs:line 331
07/21/2014 17:08:30
Error in: http://localhost:2180/Webcms/Order/Update. Error Message:System.Exception: OrdersViewModel::UpdateOrderByOrderDetail::Error occured. ---> System.Data.SqlClient.SqlException: Could not find stored procedure 'sp_CMS_Orders_Update_Inventory'.
   at System.Data.SqlClient.SqlConnection.OnError(SqlException exception, Boolean breakConnection, Action`1 wrapCloseInAction)
   at System.Data.SqlClient.SqlInternalConnection.OnError(SqlException exception, Boolean breakConnection, Action`1 wrapCloseInAction)
   at System.Data.SqlClient.TdsParser.ThrowExceptionAndWarning(TdsParserStateObject stateObj, Boolean callerHasConnectionLock, Boolean asyncClose)
   at System.Data.SqlClient.TdsParser.TryRun(RunBehavior runBehavior, SqlCommand cmdHandler, SqlDataReader dataStream, BulkCopySimpleResultSet bulkCopyHandler, TdsParserStateObject stateObj, Boolean& dataReady)
   at System.Data.SqlClient.SqlCommand.FinishExecuteReader(SqlDataReader ds, RunBehavior runBehavior, String resetOptionsString)
   at System.Data.SqlClient.SqlCommand.RunExecuteReaderTds(CommandBehavior cmdBehavior, RunBehavior runBehavior, Boolean returnStream, Boolean async, Int32 timeout, Task& task, Boolean asyncWrite)
   at System.Data.SqlClient.SqlCommand.RunExecuteReader(CommandBehavior cmdBehavior, RunBehavior runBehavior, Boolean returnStream, String method, TaskCompletionSource`1 completion, Int32 timeout, Task& task, Boolean asyncWrite)
   at System.Data.SqlClient.SqlCommand.InternalExecuteNonQuery(TaskCompletionSource`1 completion, String methodName, Boolean sendToPipe, Int32 timeout, Boolean asyncWrite)
   at System.Data.SqlClient.SqlCommand.ExecuteNonQuery()
   at iGoo.Areas.Webcms.Models.OrderViewModel.UpdateOrderByOrderDetail() in k:\BBT\SC v2\iGoo\Areas\Webcms\Models\OrderViewModel.cs:line 174
   --- End of inner exception stack trace ---
   at iGoo.Areas.Webcms.Models.OrderViewModel.UpdateOrderByOrderDetail() in k:\BBT\SC v2\iGoo\Areas\Webcms\Models\OrderViewModel.cs:line 180
   at iGoo.Areas.Webcms.Controllers.OrderController.Update() in k:\BBT\SC v2\iGoo\Areas\Webcms\Controllers\OrderController.cs:line 285
