07/23/2014 09:00:30
Error in: http://localhost:2180/Webcms/NhapKhoSX/ImportUpdate. Error Message:System.Exception: CMS_InventoryDetails::Insert::Error occured. ---> System.Data.SqlClient.SqlException: Cannot insert the value NULL into column 'ProductID', table 'babycuatoi_db.dbo.CMS_InventoryDetails'; column does not allow nulls. INSERT fails.
Cannot insert the value NULL into column 'ProductID', table 'babycuatoi_db.dbo.CMS_InventoryLogs'; column does not allow nulls. INSERT fails.
The statement has been terminated.
The statement has been terminated.
   at System.Data.SqlClient.SqlConnection.OnError(SqlException exception, Boolean breakConnection, Action`1 wrapCloseInAction)
   at System.Data.SqlClient.SqlInternalConnection.OnError(SqlException exception, Boolean breakConnection, Action`1 wrapCloseInAction)
   at System.Data.SqlClient.TdsParser.ThrowExceptionAndWarning(TdsParserStateObject stateObj, Boolean callerHasConnectionLock, Boolean asyncClose)
   at System.Data.SqlClient.TdsParser.TryRun(RunBehavior runBehavior, SqlCommand cmdHandler, SqlDataReader dataStream, BulkCopySimpleResultSet bulkCopyHandler, TdsParserStateObject stateObj, Boolean& dataReady)
   at System.Data.SqlClient.SqlCommand.FinishExecuteReader(SqlDataReader ds, RunBehavior runBehavior, String resetOptionsString)
   at System.Data.SqlClient.SqlCommand.RunExecuteReaderTds(CommandBehavior cmdBehavior, RunBehavior runBehavior, Boolean returnStream, Boolean async, Int32 timeout, Task& task, Boolean asyncWrite)
   at System.Data.SqlClient.SqlCommand.RunExecuteReader(CommandBehavior cmdBehavior, RunBehavior runBehavior, Boolean returnStream, String method, TaskCompletionSource`1 completion, Int32 timeout, Task& task, Boolean asyncWrite)
   at System.Data.SqlClient.SqlCommand.InternalExecuteNonQuery(TaskCompletionSource`1 completion, String methodName, Boolean sendToPipe, Int32 timeout, Boolean asyncWrite)
   at System.Data.SqlClient.SqlCommand.ExecuteNonQuery()
   at iGoo.Classes.clsCMS_InventoryDetails.ImportChange() in k:\BBT\SC v2\iGoo\Classes\clsCMS_InventoryDetails.cs:line 239
   --- End of inner exception stack trace ---
   at iGoo.Classes.clsCMS_InventoryDetails.ImportChange() in k:\BBT\SC v2\iGoo\Classes\clsCMS_InventoryDetails.cs:line 245
   at iGoo.Areas.Webcms.Controllers.NhapKhoSXController.ImportUpdate() in k:\BBT\SC v2\iGoo\Areas\Webcms\Controllers\NhapKhoSXController.cs:line 323
07/23/2014 09:09:42
Error in: http://localhost:2180/Webcms/NhapKhoSX/ImportUpdate. Error Message:System.Exception: CMS_InventoryDetails::Insert::Error occured. ---> System.Data.SqlClient.SqlException: Cannot insert the value NULL into column 'ProductID', table 'babycuatoi_db.dbo.CMS_InventoryDetails'; column does not allow nulls. INSERT fails.
Cannot insert the value NULL into column 'ProductID', table 'babycuatoi_db.dbo.CMS_InventoryLogs'; column does not allow nulls. INSERT fails.
The statement has been terminated.
The statement has been terminated.
   at System.Data.SqlClient.SqlConnection.OnError(SqlException exception, Boolean breakConnection, Action`1 wrapCloseInAction)
   at System.Data.SqlClient.SqlInternalConnection.OnError(SqlException exception, Boolean breakConnection, Action`1 wrapCloseInAction)
   at System.Data.SqlClient.TdsParser.ThrowExceptionAndWarning(TdsParserStateObject stateObj, Boolean callerHasConnectionLock, Boolean asyncClose)
   at System.Data.SqlClient.TdsParser.TryRun(RunBehavior runBehavior, SqlCommand cmdHandler, SqlDataReader dataStream, BulkCopySimpleResultSet bulkCopyHandler, TdsParserStateObject stateObj, Boolean& dataReady)
   at System.Data.SqlClient.SqlCommand.FinishExecuteReader(SqlDataReader ds, RunBehavior runBehavior, String resetOptionsString)
   at System.Data.SqlClient.SqlCommand.RunExecuteReaderTds(CommandBehavior cmdBehavior, RunBehavior runBehavior, Boolean returnStream, Boolean async, Int32 timeout, Task& task, Boolean asyncWrite)
   at System.Data.SqlClient.SqlCommand.RunExecuteReader(CommandBehavior cmdBehavior, RunBehavior runBehavior, Boolean returnStream, String method, TaskCompletionSource`1 completion, Int32 timeout, Task& task, Boolean asyncWrite)
   at System.Data.SqlClient.SqlCommand.InternalExecuteNonQuery(TaskCompletionSource`1 completion, String methodName, Boolean sendToPipe, Int32 timeout, Boolean asyncWrite)
   at System.Data.SqlClient.SqlCommand.ExecuteNonQuery()
   at iGoo.Classes.clsCMS_InventoryDetails.ImportChange() in k:\BBT\SC v2\iGoo\Classes\clsCMS_InventoryDetails.cs:line 239
   --- End of inner exception stack trace ---
   at iGoo.Classes.clsCMS_InventoryDetails.ImportChange() in k:\BBT\SC v2\iGoo\Classes\clsCMS_InventoryDetails.cs:line 245
   at iGoo.Areas.Webcms.Controllers.NhapKhoSXController.ImportUpdate() in k:\BBT\SC v2\iGoo\Areas\Webcms\Controllers\NhapKhoSXController.cs:line 323
07/23/2014 09:22:41
Error in: http://localhost:2180/Webcms/NhapKhoSX/ImportUpdate. Error Message:Mã sản phẩm import false: 50006,BZC112857,11881-6.1,A2081-1,
07/23/2014 09:38:53
Error in: http://localhost:2180/Webcms/NhapKhoSX/ImportUpdate. Error Message:Mã sản phẩm import false: 50006,BZC112857,11881-6.1,A2081-1,
07/23/2014 09:45:47
Error in: http://localhost:2180/Webcms/NhapKhoSX/ImportUpdate. Error Message:System.Exception: CMS_InventoryDetails::Insert::Error occured. ---> System.Data.SqlClient.SqlException: Cannot insert the value NULL into column 'ProductID', table 'babycuatoi_db.dbo.CMS_InventoryDetails'; column does not allow nulls. INSERT fails.
Cannot insert the value NULL into column 'ProductID', table 'babycuatoi_db.dbo.CMS_InventoryLogs'; column does not allow nulls. INSERT fails.
The statement has been terminated.
The statement has been terminated.
   at System.Data.SqlClient.SqlConnection.OnError(SqlException exception, Boolean breakConnection, Action`1 wrapCloseInAction)
   at System.Data.SqlClient.SqlInternalConnection.OnError(SqlException exception, Boolean breakConnection, Action`1 wrapCloseInAction)
   at System.Data.SqlClient.TdsParser.ThrowExceptionAndWarning(TdsParserStateObject stateObj, Boolean callerHasConnectionLock, Boolean asyncClose)
   at System.Data.SqlClient.TdsParser.TryRun(RunBehavior runBehavior, SqlCommand cmdHandler, SqlDataReader dataStream, BulkCopySimpleResultSet bulkCopyHandler, TdsParserStateObject stateObj, Boolean& dataReady)
   at System.Data.SqlClient.SqlCommand.FinishExecuteReader(SqlDataReader ds, RunBehavior runBehavior, String resetOptionsString)
   at System.Data.SqlClient.SqlCommand.RunExecuteReaderTds(CommandBehavior cmdBehavior, RunBehavior runBehavior, Boolean returnStream, Boolean async, Int32 timeout, Task& task, Boolean asyncWrite)
   at System.Data.SqlClient.SqlCommand.RunExecuteReader(CommandBehavior cmdBehavior, RunBehavior runBehavior, Boolean returnStream, String method, TaskCompletionSource`1 completion, Int32 timeout, Task& task, Boolean asyncWrite)
   at System.Data.SqlClient.SqlCommand.InternalExecuteNonQuery(TaskCompletionSource`1 completion, String methodName, Boolean sendToPipe, Int32 timeout, Boolean asyncWrite)
   at System.Data.SqlClient.SqlCommand.ExecuteNonQuery()
   at iGoo.Classes.clsCMS_InventoryDetails.ImportChange() in k:\BBT\SC v2\iGoo\Classes\clsCMS_InventoryDetails.cs:line 239
   --- End of inner exception stack trace ---
   at iGoo.Classes.clsCMS_InventoryDetails.ImportChange() in k:\BBT\SC v2\iGoo\Classes\clsCMS_InventoryDetails.cs:line 245
   at iGoo.Areas.Webcms.Controllers.NhapKhoSXController.ImportUpdate() in k:\BBT\SC v2\iGoo\Areas\Webcms\Controllers\NhapKhoSXController.cs:line 323
07/23/2014 09:48:05
Error in: http://localhost:2180/Webcms/NhapKhoSX/ImportUpdate. Error Message:Mã sản phẩm import false: BZC112857,
07/23/2014 09:52:16
Error in: http://localhost:2180/Webcms/NhapKhoSX/ImportUpdate. Error Message:System.Exception: CMS_InventoryDetails::Insert::Error occured. ---> System.Data.SqlClient.SqlException: Cannot insert the value NULL into column 'ProductID', table 'babycuatoi_db.dbo.CMS_InventoryDetails'; column does not allow nulls. INSERT fails.
Cannot insert the value NULL into column 'ProductID', table 'babycuatoi_db.dbo.CMS_InventoryLogs'; column does not allow nulls. INSERT fails.
The statement has been terminated.
The statement has been terminated.
   at System.Data.SqlClient.SqlConnection.OnError(SqlException exception, Boolean breakConnection, Action`1 wrapCloseInAction)
   at System.Data.SqlClient.SqlInternalConnection.OnError(SqlException exception, Boolean breakConnection, Action`1 wrapCloseInAction)
   at System.Data.SqlClient.TdsParser.ThrowExceptionAndWarning(TdsParserStateObject stateObj, Boolean callerHasConnectionLock, Boolean asyncClose)
   at System.Data.SqlClient.TdsParser.TryRun(RunBehavior runBehavior, SqlCommand cmdHandler, SqlDataReader dataStream, BulkCopySimpleResultSet bulkCopyHandler, TdsParserStateObject stateObj, Boolean& dataReady)
   at System.Data.SqlClient.SqlCommand.FinishExecuteReader(SqlDataReader ds, RunBehavior runBehavior, String resetOptionsString)
   at System.Data.SqlClient.SqlCommand.RunExecuteReaderTds(CommandBehavior cmdBehavior, RunBehavior runBehavior, Boolean returnStream, Boolean async, Int32 timeout, Task& task, Boolean asyncWrite)
   at System.Data.SqlClient.SqlCommand.RunExecuteReader(CommandBehavior cmdBehavior, RunBehavior runBehavior, Boolean returnStream, String method, TaskCompletionSource`1 completion, Int32 timeout, Task& task, Boolean asyncWrite)
   at System.Data.SqlClient.SqlCommand.InternalExecuteNonQuery(TaskCompletionSource`1 completion, String methodName, Boolean sendToPipe, Int32 timeout, Boolean asyncWrite)
   at System.Data.SqlClient.SqlCommand.ExecuteNonQuery()
   at iGoo.Classes.clsCMS_InventoryDetails.ImportChange() in k:\BBT\SC v2\iGoo\Classes\clsCMS_InventoryDetails.cs:line 239
   --- End of inner exception stack trace ---
   at iGoo.Classes.clsCMS_InventoryDetails.ImportChange() in k:\BBT\SC v2\iGoo\Classes\clsCMS_InventoryDetails.cs:line 245
   at iGoo.Areas.Webcms.Controllers.NhapKhoSXController.ImportUpdate() in k:\BBT\SC v2\iGoo\Areas\Webcms\Controllers\NhapKhoSXController.cs:line 323
07/23/2014 09:55:17
Error in: http://localhost:2180/Webcms/NhapKhoSX/ImportUpdate. Error Message:System.Exception: CMS_InventoryDetails::Insert::Error occured. ---> System.Data.SqlClient.SqlException: Cannot insert the value NULL into column 'ProductID', table 'babycuatoi_db.dbo.CMS_InventoryDetails'; column does not allow nulls. INSERT fails.
Cannot insert the value NULL into column 'ProductID', table 'babycuatoi_db.dbo.CMS_InventoryLogs'; column does not allow nulls. INSERT fails.
The statement has been terminated.
The statement has been terminated.
   at System.Data.SqlClient.SqlConnection.OnError(SqlException exception, Boolean breakConnection, Action`1 wrapCloseInAction)
   at System.Data.SqlClient.SqlInternalConnection.OnError(SqlException exception, Boolean breakConnection, Action`1 wrapCloseInAction)
   at System.Data.SqlClient.TdsParser.ThrowExceptionAndWarning(TdsParserStateObject stateObj, Boolean callerHasConnectionLock, Boolean asyncClose)
   at System.Data.SqlClient.TdsParser.TryRun(RunBehavior runBehavior, SqlCommand cmdHandler, SqlDataReader dataStream, BulkCopySimpleResultSet bulkCopyHandler, TdsParserStateObject stateObj, Boolean& dataReady)
   at System.Data.SqlClient.SqlCommand.FinishExecuteReader(SqlDataReader ds, RunBehavior runBehavior, String resetOptionsString)
   at System.Data.SqlClient.SqlCommand.RunExecuteReaderTds(CommandBehavior cmdBehavior, RunBehavior runBehavior, Boolean returnStream, Boolean async, Int32 timeout, Task& task, Boolean asyncWrite)
   at System.Data.SqlClient.SqlCommand.RunExecuteReader(CommandBehavior cmdBehavior, RunBehavior runBehavior, Boolean returnStream, String method, TaskCompletionSource`1 completion, Int32 timeout, Task& task, Boolean asyncWrite)
   at System.Data.SqlClient.SqlCommand.InternalExecuteNonQuery(TaskCompletionSource`1 completion, String methodName, Boolean sendToPipe, Int32 timeout, Boolean asyncWrite)
   at System.Data.SqlClient.SqlCommand.ExecuteNonQuery()
   at iGoo.Classes.clsCMS_InventoryDetails.ImportChange() in k:\BBT\SC v2\iGoo\Classes\clsCMS_InventoryDetails.cs:line 239
   --- End of inner exception stack trace ---
   at iGoo.Classes.clsCMS_InventoryDetails.ImportChange() in k:\BBT\SC v2\iGoo\Classes\clsCMS_InventoryDetails.cs:line 245
   at iGoo.Areas.Webcms.Controllers.NhapKhoSXController.ImportUpdate() in k:\BBT\SC v2\iGoo\Areas\Webcms\Controllers\NhapKhoSXController.cs:line 323
07/23/2014 10:07:46
Error in: http://localhost:2180/Webcms/NhapKhoSX/ImportUpdate. Error Message:System.Exception: CMS_InventoryDetails::Insert::Error occured. ---> System.Data.SqlClient.SqlException: Cannot insert the value NULL into column 'ProductID', table 'babycuatoi_db.dbo.CMS_InventoryDetails'; column does not allow nulls. INSERT fails.
Cannot insert the value NULL into column 'ProductID', table 'babycuatoi_db.dbo.CMS_InventoryLogs'; column does not allow nulls. INSERT fails.
The statement has been terminated.
The statement has been terminated.
   at System.Data.SqlClient.SqlConnection.OnError(SqlException exception, Boolean breakConnection, Action`1 wrapCloseInAction)
   at System.Data.SqlClient.SqlInternalConnection.OnError(SqlException exception, Boolean breakConnection, Action`1 wrapCloseInAction)
   at System.Data.SqlClient.TdsParser.ThrowExceptionAndWarning(TdsParserStateObject stateObj, Boolean callerHasConnectionLock, Boolean asyncClose)
   at System.Data.SqlClient.TdsParser.TryRun(RunBehavior runBehavior, SqlCommand cmdHandler, SqlDataReader dataStream, BulkCopySimpleResultSet bulkCopyHandler, TdsParserStateObject stateObj, Boolean& dataReady)
   at System.Data.SqlClient.SqlCommand.FinishExecuteReader(SqlDataReader ds, RunBehavior runBehavior, String resetOptionsString)
   at System.Data.SqlClient.SqlCommand.RunExecuteReaderTds(CommandBehavior cmdBehavior, RunBehavior runBehavior, Boolean returnStream, Boolean async, Int32 timeout, Task& task, Boolean asyncWrite)
   at System.Data.SqlClient.SqlCommand.RunExecuteReader(CommandBehavior cmdBehavior, RunBehavior runBehavior, Boolean returnStream, String method, TaskCompletionSource`1 completion, Int32 timeout, Task& task, Boolean asyncWrite)
   at System.Data.SqlClient.SqlCommand.InternalExecuteNonQuery(TaskCompletionSource`1 completion, String methodName, Boolean sendToPipe, Int32 timeout, Boolean asyncWrite)
   at System.Data.SqlClient.SqlCommand.ExecuteNonQuery()
   at iGoo.Classes.clsCMS_InventoryDetails.ImportChange() in k:\BBT\SC v2\iGoo\Classes\clsCMS_InventoryDetails.cs:line 239
   --- End of inner exception stack trace ---
   at iGoo.Classes.clsCMS_InventoryDetails.ImportChange() in k:\BBT\SC v2\iGoo\Classes\clsCMS_InventoryDetails.cs:line 245
   at iGoo.Areas.Webcms.Controllers.NhapKhoSXController.ImportUpdate() in k:\BBT\SC v2\iGoo\Areas\Webcms\Controllers\NhapKhoSXController.cs:line 323
07/23/2014 11:17:39
Error in: http://localhost:2180/Webcms/NhapKhoSX/ImportUpdate. Error Message:System.Exception: CMS_InventoryDetails::Insert::Error occured. ---> System.Data.SqlClient.SqlException: Cannot insert the value NULL into column 'ProductID', table 'babycuatoi_db.dbo.CMS_InventoryDetails'; column does not allow nulls. INSERT fails.
Cannot insert the value NULL into column 'ProductID', table 'babycuatoi_db.dbo.CMS_InventoryLogs'; column does not allow nulls. INSERT fails.
The statement has been terminated.
The statement has been terminated.
   at System.Data.SqlClient.SqlConnection.OnError(SqlException exception, Boolean breakConnection, Action`1 wrapCloseInAction)
   at System.Data.SqlClient.SqlInternalConnection.OnError(SqlException exception, Boolean breakConnection, Action`1 wrapCloseInAction)
   at System.Data.SqlClient.TdsParser.ThrowExceptionAndWarning(TdsParserStateObject stateObj, Boolean callerHasConnectionLock, Boolean asyncClose)
   at System.Data.SqlClient.TdsParser.TryRun(RunBehavior runBehavior, SqlCommand cmdHandler, SqlDataReader dataStream, BulkCopySimpleResultSet bulkCopyHandler, TdsParserStateObject stateObj, Boolean& dataReady)
   at System.Data.SqlClient.SqlCommand.FinishExecuteReader(SqlDataReader ds, RunBehavior runBehavior, String resetOptionsString)
   at System.Data.SqlClient.SqlCommand.RunExecuteReaderTds(CommandBehavior cmdBehavior, RunBehavior runBehavior, Boolean returnStream, Boolean async, Int32 timeout, Task& task, Boolean asyncWrite)
   at System.Data.SqlClient.SqlCommand.RunExecuteReader(CommandBehavior cmdBehavior, RunBehavior runBehavior, Boolean returnStream, String method, TaskCompletionSource`1 completion, Int32 timeout, Task& task, Boolean asyncWrite)
   at System.Data.SqlClient.SqlCommand.InternalExecuteNonQuery(TaskCompletionSource`1 completion, String methodName, Boolean sendToPipe, Int32 timeout, Boolean asyncWrite)
   at System.Data.SqlClient.SqlCommand.ExecuteNonQuery()
   at iGoo.Classes.clsCMS_InventoryDetails.ImportChange() in k:\BBT\SC v2\iGoo\Classes\clsCMS_InventoryDetails.cs:line 239
   --- End of inner exception stack trace ---
   at iGoo.Classes.clsCMS_InventoryDetails.ImportChange() in k:\BBT\SC v2\iGoo\Classes\clsCMS_InventoryDetails.cs:line 245
   at iGoo.Areas.Webcms.Controllers.NhapKhoSXController.ImportUpdate() in k:\BBT\SC v2\iGoo\Areas\Webcms\Controllers\NhapKhoSXController.cs:line 323
07/23/2014 11:17:52
Error in: http://localhost:2180/Webcms/NhapKhoSX/ImportUpdate. Error Message:System.Exception: CMS_InventoryDetails::Insert::Error occured. ---> System.Data.SqlClient.SqlException: Cannot insert the value NULL into column 'ProductID', table 'babycuatoi_db.dbo.CMS_InventoryDetails'; column does not allow nulls. INSERT fails.
Cannot insert the value NULL into column 'ProductID', table 'babycuatoi_db.dbo.CMS_InventoryLogs'; column does not allow nulls. INSERT fails.
The statement has been terminated.
The statement has been terminated.
   at System.Data.SqlClient.SqlConnection.OnError(SqlException exception, Boolean breakConnection, Action`1 wrapCloseInAction)
   at System.Data.SqlClient.SqlInternalConnection.OnError(SqlException exception, Boolean breakConnection, Action`1 wrapCloseInAction)
   at System.Data.SqlClient.TdsParser.ThrowExceptionAndWarning(TdsParserStateObject stateObj, Boolean callerHasConnectionLock, Boolean asyncClose)
   at System.Data.SqlClient.TdsParser.TryRun(RunBehavior runBehavior, SqlCommand cmdHandler, SqlDataReader dataStream, BulkCopySimpleResultSet bulkCopyHandler, TdsParserStateObject stateObj, Boolean& dataReady)
   at System.Data.SqlClient.SqlCommand.FinishExecuteReader(SqlDataReader ds, RunBehavior runBehavior, String resetOptionsString)
   at System.Data.SqlClient.SqlCommand.RunExecuteReaderTds(CommandBehavior cmdBehavior, RunBehavior runBehavior, Boolean returnStream, Boolean async, Int32 timeout, Task& task, Boolean asyncWrite)
   at System.Data.SqlClient.SqlCommand.RunExecuteReader(CommandBehavior cmdBehavior, RunBehavior runBehavior, Boolean returnStream, String method, TaskCompletionSource`1 completion, Int32 timeout, Task& task, Boolean asyncWrite)
   at System.Data.SqlClient.SqlCommand.InternalExecuteNonQuery(TaskCompletionSource`1 completion, String methodName, Boolean sendToPipe, Int32 timeout, Boolean asyncWrite)
   at System.Data.SqlClient.SqlCommand.ExecuteNonQuery()
   at iGoo.Classes.clsCMS_InventoryDetails.ImportChange() in k:\BBT\SC v2\iGoo\Classes\clsCMS_InventoryDetails.cs:line 239
   --- End of inner exception stack trace ---
   at iGoo.Classes.clsCMS_InventoryDetails.ImportChange() in k:\BBT\SC v2\iGoo\Classes\clsCMS_InventoryDetails.cs:line 245
   at iGoo.Areas.Webcms.Controllers.NhapKhoSXController.ImportUpdate() in k:\BBT\SC v2\iGoo\Areas\Webcms\Controllers\NhapKhoSXController.cs:line 323
07/23/2014 11:21:08
Error in: http://localhost:2180/Webcms/NhapKhoSX/ImportUpdate. Error Message:System.Exception: CMS_InventoryDetails::Insert::Error occured. ---> System.Data.SqlClient.SqlException: Cannot insert the value NULL into column 'ProductID', table 'babycuatoi_db.dbo.CMS_InventoryDetails'; column does not allow nulls. INSERT fails.
Cannot insert the value NULL into column 'ProductID', table 'babycuatoi_db.dbo.CMS_InventoryLogs'; column does not allow nulls. INSERT fails.
The statement has been terminated.
The statement has been terminated.
   at System.Data.SqlClient.SqlConnection.OnError(SqlException exception, Boolean breakConnection, Action`1 wrapCloseInAction)
   at System.Data.SqlClient.SqlInternalConnection.OnError(SqlException exception, Boolean breakConnection, Action`1 wrapCloseInAction)
   at System.Data.SqlClient.TdsParser.ThrowExceptionAndWarning(TdsParserStateObject stateObj, Boolean callerHasConnectionLock, Boolean asyncClose)
   at System.Data.SqlClient.TdsParser.TryRun(RunBehavior runBehavior, SqlCommand cmdHandler, SqlDataReader dataStream, BulkCopySimpleResultSet bulkCopyHandler, TdsParserStateObject stateObj, Boolean& dataReady)
   at System.Data.SqlClient.SqlCommand.FinishExecuteReader(SqlDataReader ds, RunBehavior runBehavior, String resetOptionsString)
   at System.Data.SqlClient.SqlCommand.RunExecuteReaderTds(CommandBehavior cmdBehavior, RunBehavior runBehavior, Boolean returnStream, Boolean async, Int32 timeout, Task& task, Boolean asyncWrite)
   at System.Data.SqlClient.SqlCommand.RunExecuteReader(CommandBehavior cmdBehavior, RunBehavior runBehavior, Boolean returnStream, String method, TaskCompletionSource`1 completion, Int32 timeout, Task& task, Boolean asyncWrite)
   at System.Data.SqlClient.SqlCommand.InternalExecuteNonQuery(TaskCompletionSource`1 completion, String methodName, Boolean sendToPipe, Int32 timeout, Boolean asyncWrite)
   at System.Data.SqlClient.SqlCommand.ExecuteNonQuery()
   at iGoo.Classes.clsCMS_InventoryDetails.ImportChange() in k:\BBT\SC v2\iGoo\Classes\clsCMS_InventoryDetails.cs:line 239
   --- End of inner exception stack trace ---
   at iGoo.Classes.clsCMS_InventoryDetails.ImportChange() in k:\BBT\SC v2\iGoo\Classes\clsCMS_InventoryDetails.cs:line 245
   at iGoo.Areas.Webcms.Controllers.NhapKhoSXController.ImportUpdate() in k:\BBT\SC v2\iGoo\Areas\Webcms\Controllers\NhapKhoSXController.cs:line 323
07/23/2014 15:56:13
Error in: http://localhost:2180/Webcms/InventoryLog/ExportData. Error Message:System.FormatException: Input string was not in a correct format.
   at System.Number.StringToNumber(String str, NumberStyles options, NumberBuffer& number, NumberFormatInfo info, Boolean parseDecimal)
   at System.Number.ParseInt32(String s, NumberStyles style, NumberFormatInfo info)
   at System.Convert.ToInt32(String value)
   at iGoo.Areas.Webcms.Controllers.InventoryLogController.ExportData() in k:\BBT\SC v2\iGoo\Areas\Webcms\Controllers\InventoryLogController.cs:line 156
07/23/2014 15:56:34
Error in: http://localhost:2180/Webcms/InventoryLog/ExportData. Error Message:System.FormatException: Input string was not in a correct format.
   at System.Number.StringToNumber(String str, NumberStyles options, NumberBuffer& number, NumberFormatInfo info, Boolean parseDecimal)
   at System.Number.ParseInt32(String s, NumberStyles style, NumberFormatInfo info)
   at System.Convert.ToInt32(String value)
   at iGoo.Areas.Webcms.Controllers.InventoryLogController.ExportData() in k:\BBT\SC v2\iGoo\Areas\Webcms\Controllers\InventoryLogController.cs:line 156
07/23/2014 15:58:50
Error in: http://localhost:2180/Webcms/InventoryLog/ExportData. Error Message:System.FormatException: Input string was not in a correct format.
   at System.Number.StringToNumber(String str, NumberStyles options, NumberBuffer& number, NumberFormatInfo info, Boolean parseDecimal)
   at System.Number.ParseInt32(String s, NumberStyles style, NumberFormatInfo info)
   at System.Convert.ToInt32(String value)
   at iGoo.Areas.Webcms.Controllers.InventoryLogController.ExportData() in k:\BBT\SC v2\iGoo\Areas\Webcms\Controllers\InventoryLogController.cs:line 156
07/23/2014 15:58:53
Error in: http://localhost:2180/Webcms/InventoryLog/ExportData. Error Message:System.FormatException: Input string was not in a correct format.
   at System.Number.StringToNumber(String str, NumberStyles options, NumberBuffer& number, NumberFormatInfo info, Boolean parseDecimal)
   at System.Number.ParseInt32(String s, NumberStyles style, NumberFormatInfo info)
   at System.Convert.ToInt32(String value)
   at iGoo.Areas.Webcms.Controllers.InventoryLogController.ExportData() in k:\BBT\SC v2\iGoo\Areas\Webcms\Controllers\InventoryLogController.cs:line 156
07/23/2014 15:58:56
Error in: http://localhost:2180/Webcms/InventoryLog/ExportData. Error Message:System.FormatException: Input string was not in a correct format.
   at System.Number.StringToNumber(String str, NumberStyles options, NumberBuffer& number, NumberFormatInfo info, Boolean parseDecimal)
   at System.Number.ParseInt32(String s, NumberStyles style, NumberFormatInfo info)
   at System.Convert.ToInt32(String value)
   at iGoo.Areas.Webcms.Controllers.InventoryLogController.ExportData() in k:\BBT\SC v2\iGoo\Areas\Webcms\Controllers\InventoryLogController.cs:line 156
07/23/2014 15:59:22
Error in: http://localhost:2180/Webcms/InventoryLog/ExportData. Error Message:System.FormatException: Input string was not in a correct format.
   at System.Number.StringToNumber(String str, NumberStyles options, NumberBuffer& number, NumberFormatInfo info, Boolean parseDecimal)
   at System.Number.ParseInt32(String s, NumberStyles style, NumberFormatInfo info)
   at System.Convert.ToInt32(String value)
   at iGoo.Areas.Webcms.Controllers.InventoryLogController.ExportData() in k:\BBT\SC v2\iGoo\Areas\Webcms\Controllers\InventoryLogController.cs:line 156
07/23/2014 16:00:12
Error in: http://localhost:2180/Webcms/InventoryLog/ExportData. Error Message:System.FormatException: Input string was not in a correct format.
   at System.Number.StringToNumber(String str, NumberStyles options, NumberBuffer& number, NumberFormatInfo info, Boolean parseDecimal)
   at System.Number.ParseInt32(String s, NumberStyles style, NumberFormatInfo info)
   at System.Convert.ToInt32(String value)
   at iGoo.Areas.Webcms.Controllers.InventoryLogController.ExportData() in k:\BBT\SC v2\iGoo\Areas\Webcms\Controllers\InventoryLogController.cs:line 156
07/23/2014 16:01:02
Error in: http://localhost:2180/Webcms/InventoryLog/ExportData. Error Message:System.FormatException: Input string was not in a correct format.
   at System.Number.StringToNumber(String str, NumberStyles options, NumberBuffer& number, NumberFormatInfo info, Boolean parseDecimal)
   at System.Number.ParseInt32(String s, NumberStyles style, NumberFormatInfo info)
   at System.Convert.ToInt32(String value)
   at iGoo.Areas.Webcms.Controllers.InventoryLogController.ExportData() in k:\BBT\SC v2\iGoo\Areas\Webcms\Controllers\InventoryLogController.cs:line 156
07/23/2014 16:03:23
Error in: http://localhost:2180/Webcms/InventoryLog/ExportData. Error Message:System.FormatException: Input string was not in a correct format.
   at System.Number.StringToNumber(String str, NumberStyles options, NumberBuffer& number, NumberFormatInfo info, Boolean parseDecimal)
   at System.Number.ParseInt32(String s, NumberStyles style, NumberFormatInfo info)
   at System.Convert.ToInt32(String value)
   at iGoo.Areas.Webcms.Controllers.InventoryLogController.ExportData() in k:\BBT\SC v2\iGoo\Areas\Webcms\Controllers\InventoryLogController.cs:line 156
