07/29/2014 11:29:15
Error in: http://localhost:2180/Webcms/XuatKhoNB/ImportUpdate. Error Message:System.Exception: CMS_InventoryDetails::Insert::Error occured. ---> System.Data.SqlClient.SqlException: Cannot insert the value NULL into column 'InventoryID', table 'babycuatoi_db.dbo.CMS_InventoryDetails'; column does not allow nulls. INSERT fails.
The statement has been terminated.
   at System.Data.SqlClient.SqlConnection.OnError(SqlException exception, Boolean breakConnection, Action`1 wrapCloseInAction)
   at System.Data.SqlClient.SqlInternalConnection.OnError(SqlException exception, Boolean breakConnection, Action`1 wrapCloseInAction)
   at System.Data.SqlClient.TdsParser.ThrowExceptionAndWarning(TdsParserStateObject stateObj, Boolean callerHasConnectionLock, Boolean asyncClose)
   at System.Data.SqlClient.TdsParser.TryRun(RunBehavior runBehavior, SqlCommand cmdHandler, SqlDataReader dataStream, BulkCopySimpleResultSet bulkCopyHandler, TdsParserStateObject stateObj, Boolean& dataReady)
   at System.Data.SqlClient.SqlCommand.FinishExecuteReader(SqlDataReader ds, RunBehavior runBehavior, String resetOptionsString)
   at System.Data.SqlClient.SqlCommand.RunExecuteReaderTds(CommandBehavior cmdBehavior, RunBehavior runBehavior, Boolean returnStream, Boolean async, Int32 timeout, Task& task, Boolean asyncWrite)
   at System.Data.SqlClient.SqlCommand.RunExecuteReader(CommandBehavior cmdBehavior, RunBehavior runBehavior, Boolean returnStream, String method, TaskCompletionSource`1 completion, Int32 timeout, Task& task, Boolean asyncWrite)
   at System.Data.SqlClient.SqlCommand.InternalExecuteNonQuery(TaskCompletionSource`1 completion, String methodName, Boolean sendToPipe, Int32 timeout, Boolean asyncWrite)
   at System.Data.SqlClient.SqlCommand.ExecuteNonQuery()
   at iGoo.Classes.clsCMS_InventoryDetails.ImportChange() in k:\BBT\SC v2\iGoo\Classes\clsCMS_InventoryDetails.cs:line 239
   --- End of inner exception stack trace ---
   at iGoo.Classes.clsCMS_InventoryDetails.ImportChange() in k:\BBT\SC v2\iGoo\Classes\clsCMS_InventoryDetails.cs:line 245
   at iGoo.Areas.Webcms.Controllers.XuatKhoNBController.ImportUpdate() in k:\BBT\SC v2\iGoo\Areas\Webcms\Controllers\XuatKhoNBController.cs:line 320
07/29/2014 11:36:16
Error in: http://localhost:2180/Webcms/XuatKhoNB/ImportUpdate. Error Message:System.Exception: CMS_InventoryDetails::Insert::Error occured. ---> System.Data.SqlClient.SqlException: Cannot insert the value NULL into column 'InventoryID', table 'babycuatoi_db.dbo.CMS_InventoryDetails'; column does not allow nulls. INSERT fails.
The statement has been terminated.
   at System.Data.SqlClient.SqlConnection.OnError(SqlException exception, Boolean breakConnection, Action`1 wrapCloseInAction)
   at System.Data.SqlClient.SqlInternalConnection.OnError(SqlException exception, Boolean breakConnection, Action`1 wrapCloseInAction)
   at System.Data.SqlClient.TdsParser.ThrowExceptionAndWarning(TdsParserStateObject stateObj, Boolean callerHasConnectionLock, Boolean asyncClose)
   at System.Data.SqlClient.TdsParser.TryRun(RunBehavior runBehavior, SqlCommand cmdHandler, SqlDataReader dataStream, BulkCopySimpleResultSet bulkCopyHandler, TdsParserStateObject stateObj, Boolean& dataReady)
   at System.Data.SqlClient.SqlCommand.FinishExecuteReader(SqlDataReader ds, RunBehavior runBehavior, String resetOptionsString)
   at System.Data.SqlClient.SqlCommand.RunExecuteReaderTds(CommandBehavior cmdBehavior, RunBehavior runBehavior, Boolean returnStream, Boolean async, Int32 timeout, Task& task, Boolean asyncWrite)
   at System.Data.SqlClient.SqlCommand.RunExecuteReader(CommandBehavior cmdBehavior, RunBehavior runBehavior, Boolean returnStream, String method, TaskCompletionSource`1 completion, Int32 timeout, Task& task, Boolean asyncWrite)
   at System.Data.SqlClient.SqlCommand.InternalExecuteNonQuery(TaskCompletionSource`1 completion, String methodName, Boolean sendToPipe, Int32 timeout, Boolean asyncWrite)
   at System.Data.SqlClient.SqlCommand.ExecuteNonQuery()
   at iGoo.Classes.clsCMS_InventoryDetails.ImportChange() in k:\BBT\SC v2\iGoo\Classes\clsCMS_InventoryDetails.cs:line 239
   --- End of inner exception stack trace ---
   at iGoo.Classes.clsCMS_InventoryDetails.ImportChange() in k:\BBT\SC v2\iGoo\Classes\clsCMS_InventoryDetails.cs:line 245
   at iGoo.Areas.Webcms.Controllers.XuatKhoNBController.ImportUpdate() in k:\BBT\SC v2\iGoo\Areas\Webcms\Controllers\XuatKhoNBController.cs:line 320
07/29/2014 11:37:53
Error in: http://localhost:2180/Webcms/XuatKhoNB/ImportUpdate. Error Message:System.Exception: CMS_InventoryDetails::Insert::Error occured. ---> System.Data.SqlClient.SqlException: Cannot insert the value NULL into column 'InventoryID', table 'babycuatoi_db.dbo.CMS_InventoryDetails'; column does not allow nulls. INSERT fails.
The statement has been terminated.
   at System.Data.SqlClient.SqlConnection.OnError(SqlException exception, Boolean breakConnection, Action`1 wrapCloseInAction)
   at System.Data.SqlClient.SqlInternalConnection.OnError(SqlException exception, Boolean breakConnection, Action`1 wrapCloseInAction)
   at System.Data.SqlClient.TdsParser.ThrowExceptionAndWarning(TdsParserStateObject stateObj, Boolean callerHasConnectionLock, Boolean asyncClose)
   at System.Data.SqlClient.TdsParser.TryRun(RunBehavior runBehavior, SqlCommand cmdHandler, SqlDataReader dataStream, BulkCopySimpleResultSet bulkCopyHandler, TdsParserStateObject stateObj, Boolean& dataReady)
   at System.Data.SqlClient.SqlCommand.FinishExecuteReader(SqlDataReader ds, RunBehavior runBehavior, String resetOptionsString)
   at System.Data.SqlClient.SqlCommand.RunExecuteReaderTds(CommandBehavior cmdBehavior, RunBehavior runBehavior, Boolean returnStream, Boolean async, Int32 timeout, Task& task, Boolean asyncWrite)
   at System.Data.SqlClient.SqlCommand.RunExecuteReader(CommandBehavior cmdBehavior, RunBehavior runBehavior, Boolean returnStream, String method, TaskCompletionSource`1 completion, Int32 timeout, Task& task, Boolean asyncWrite)
   at System.Data.SqlClient.SqlCommand.InternalExecuteNonQuery(TaskCompletionSource`1 completion, String methodName, Boolean sendToPipe, Int32 timeout, Boolean asyncWrite)
   at System.Data.SqlClient.SqlCommand.ExecuteNonQuery()
   at iGoo.Classes.clsCMS_InventoryDetails.ImportChange() in k:\BBT\SC v2\iGoo\Classes\clsCMS_InventoryDetails.cs:line 239
   --- End of inner exception stack trace ---
   at iGoo.Classes.clsCMS_InventoryDetails.ImportChange() in k:\BBT\SC v2\iGoo\Classes\clsCMS_InventoryDetails.cs:line 245
   at iGoo.Areas.Webcms.Controllers.XuatKhoNBController.ImportUpdate() in k:\BBT\SC v2\iGoo\Areas\Webcms\Controllers\XuatKhoNBController.cs:line 320
07/29/2014 11:43:21
Error in: http://localhost:2180/Webcms/XuatKhoNB/ImportUpdate. Error Message:Mã sản phẩm import false: 28604,
